<?xml version="1.0" encoding="UTF-8"?>
<coverage generated="1776340941936" clover="3.2.0">
  <project timestamp="1776340941936" name="All files">
    <metrics statements="28" coveredstatements="11" conditionals="8" coveredconditionals="1" methods="30" coveredmethods="10" elements="66" coveredelements="22" complexity="0" loc="28" ncloc="28" packages="2" files="2" classes="2"/>
    <package name="components">
      <metrics statements="28" coveredstatements="11" conditionals="8" coveredconditionals="1" methods="30" coveredmethods="10"/>
      <file name="Node.tsx" path="/home/pea/Documents/random-noise-generator/src/components/Node.tsx">
        <metrics statements="28" coveredstatements="11" conditionals="8" coveredconditionals="1" methods="30" coveredmethods="10"/>
        <line num="27" count="19" type="stmt"/>
        <line num="29" count="16" type="stmt"/>
        <line num="46" count="16" type="stmt"/>
        <line num="55" count="0" type="stmt"/>
        <line num="62" count="224" type="stmt"/>
        <line num="74" count="2" type="stmt"/>
        <line num="87" count="0" type="stmt"/>
        <line num="100" count="0" type="stmt"/>
        <line num="117" count="0" type="stmt"/>
        <line num="131" count="0" type="stmt"/>
        <line num="142" count="0" type="stmt"/>
        <line num="156" count="0" type="stmt"/>
        <line num="170" count="0" type="stmt"/>
        <line num="184" count="0" type="stmt"/>
        <line num="198" count="0" type="stmt"/>
        <line num="212" count="0" type="stmt"/>
        <line num="224" count="0" type="stmt"/>
        <line num="236" count="0" type="stmt"/>
        <line num="248" count="0" type="stmt"/>
        <line num="272" count="172" type="stmt"/>
        <line num="279" count="1" type="cond" truecount="1" falsecount="1"/>
        <line num="288" count="146" type="stmt"/>
        <line num="295" count="0" type="cond" truecount="0" falsecount="2"/>
        <line num="304" count="81" type="stmt"/>
        <line num="311" count="0" type="cond" truecount="0" falsecount="2"/>
        <line num="320" count="68" type="stmt"/>
        <line num="327" count="0" type="cond" truecount="0" falsecount="2"/>
        <line num="337" count="1" type="stmt"/>
      </file>
    </package>
    <package name="types">
      <metrics statements="0" coveredstatements="0" conditionals="0" coveredconditionals="0" methods="0" coveredmethods="0"/>
      <file name="node.tsx" path="/home/pea/Documents/random-noise-generator/src/types/node.tsx">
        <metrics statements="0" coveredstatements="0" conditionals="0" coveredconditionals="0" methods="0" coveredmethods="0"/>
      </file>
    </package>
  </project>
</coverage>
