{"/home/pea/Documents/random-noise-generator/src/components/Node.tsx": {"path":"/home/pea/Documents/random-noise-generator/src/components/Node.tsx","statementMap":{"0":{"start":{"line":27,"column":6},"end":{"line":27,"column":11}},"1":{"start":{"line":29,"column":22},"end":{"line":44,"column":3}},"2":{"start":{"line":46,"column":2},"end":{"line":341,"column":8}},"3":{"start":{"line":55,"column":27},"end":{"line":55,"column":119}},"4":{"start":{"line":62,"column":35},"end":{"line":62,"column":79}},"5":{"start":{"line":74,"column":29},"end":{"line":74,"column":119}},"6":{"start":{"line":87,"column":29},"end":{"line":87,"column":125}},"7":{"start":{"line":100,"column":29},"end":{"line":100,"column":125}},"8":{"start":{"line":117,"column":29},"end":{"line":117,"column":129}},"9":{"start":{"line":131,"column":29},"end":{"line":131,"column":129}},"10":{"start":{"line":142,"column":29},"end":{"line":142,"column":121}},"11":{"start":{"line":156,"column":29},"end":{"line":156,"column":126}},"12":{"start":{"line":170,"column":29},"end":{"line":170,"column":126}},"13":{"start":{"line":184,"column":29},"end":{"line":184,"column":126}},"14":{"start":{"line":198,"column":29},"end":{"line":198,"column":126}},"15":{"start":{"line":212,"column":29},"end":{"line":212,"column":126}},"16":{"start":{"line":224,"column":29},"end":{"line":224,"column":126}},"17":{"start":{"line":236,"column":29},"end":{"line":236,"column":127}},"18":{"start":{"line":248,"column":29},"end":{"line":248,"column":127}},"19":{"start":{"line":272,"column":14},"end":{"line":281,"column":17}},"20":{"start":{"line":279,"column":35},"end":{"line":279,"column":265}},"21":{"start":{"line":279,"column":167},"end":{"line":279,"column":191}},"22":{"start":{"line":288,"column":14},"end":{"line":297,"column":17}},"23":{"start":{"line":295,"column":35},"end":{"line":295,"column":269}},"24":{"start":{"line":295,"column":170},"end":{"line":295,"column":194}},"25":{"start":{"line":304,"column":14},"end":{"line":313,"column":17}},"26":{"start":{"line":311,"column":35},"end":{"line":311,"column":292}},"27":{"start":{"line":311,"column":186},"end":{"line":311,"column":214}},"28":{"start":{"line":320,"column":14},"end":{"line":329,"column":17}},"29":{"start":{"line":327,"column":35},"end":{"line":327,"column":289}},"30":{"start":{"line":327,"column":183},"end":{"line":327,"column":211}},"31":{"start":{"line":337,"column":26},"end":{"line":337,"column":44}}},"fnMap":{"0":{"name":"Node","decl":{"start":{"line":15,"column":24},"end":{"line":15,"column":28}},"loc":{"start":{"line":15,"column":43},"end":{"line":342,"column":1}},"line":15},"1":{"name":"(anonymous_1)","decl":{"start":{"line":55,"column":20},"end":{"line":55,"column":21}},"loc":{"start":{"line":55,"column":27},"end":{"line":55,"column":119}},"line":55},"2":{"name":"(anonymous_2)","decl":{"start":{"line":62,"column":26},"end":{"line":62,"column":27}},"loc":{"start":{"line":62,"column":35},"end":{"line":62,"column":79}},"line":62},"3":{"name":"(anonymous_3)","decl":{"start":{"line":74,"column":22},"end":{"line":74,"column":23}},"loc":{"start":{"line":74,"column":29},"end":{"line":74,"column":119}},"line":74},"4":{"name":"(anonymous_4)","decl":{"start":{"line":87,"column":22},"end":{"line":87,"column":23}},"loc":{"start":{"line":87,"column":29},"end":{"line":87,"column":125}},"line":87},"5":{"name":"(anonymous_5)","decl":{"start":{"line":100,"column":22},"end":{"line":100,"column":23}},"loc":{"start":{"line":100,"column":29},"end":{"line":100,"column":125}},"line":100},"6":{"name":"(anonymous_6)","decl":{"start":{"line":117,"column":22},"end":{"line":117,"column":23}},"loc":{"start":{"line":117,"column":29},"end":{"line":117,"column":129}},"line":117},"7":{"name":"(anonymous_7)","decl":{"start":{"line":131,"column":22},"end":{"line":131,"column":23}},"loc":{"start":{"line":131,"column":29},"end":{"line":131,"column":129}},"line":131},"8":{"name":"(anonymous_8)","decl":{"start":{"line":142,"column":22},"end":{"line":142,"column":23}},"loc":{"start":{"line":142,"column":29},"end":{"line":142,"column":121}},"line":142},"9":{"name":"(anonymous_9)","decl":{"start":{"line":156,"column":22},"end":{"line":156,"column":23}},"loc":{"start":{"line":156,"column":29},"end":{"line":156,"column":126}},"line":156},"10":{"name":"(anonymous_10)","decl":{"start":{"line":170,"column":22},"end":{"line":170,"column":23}},"loc":{"start":{"line":170,"column":29},"end":{"line":170,"column":126}},"line":170},"11":{"name":"(anonymous_11)","decl":{"start":{"line":184,"column":22},"end":{"line":184,"column":23}},"loc":{"start":{"line":184,"column":29},"end":{"line":184,"column":126}},"line":184},"12":{"name":"(anonymous_12)","decl":{"start":{"line":198,"column":22},"end":{"line":198,"column":23}},"loc":{"start":{"line":198,"column":29},"end":{"line":198,"column":126}},"line":198},"13":{"name":"(anonymous_13)","decl":{"start":{"line":212,"column":22},"end":{"line":212,"column":23}},"loc":{"start":{"line":212,"column":29},"end":{"line":212,"column":126}},"line":212},"14":{"name":"(anonymous_14)","decl":{"start":{"line":224,"column":22},"end":{"line":224,"column":23}},"loc":{"start":{"line":224,"column":29},"end":{"line":224,"column":126}},"line":224},"15":{"name":"(anonymous_15)","decl":{"start":{"line":236,"column":22},"end":{"line":236,"column":23}},"loc":{"start":{"line":236,"column":29},"end":{"line":236,"column":127}},"line":236},"16":{"name":"(anonymous_16)","decl":{"start":{"line":248,"column":22},"end":{"line":248,"column":23}},"loc":{"start":{"line":248,"column":29},"end":{"line":248,"column":127}},"line":248},"17":{"name":"(anonymous_17)","decl":{"start":{"line":271,"column":22},"end":{"line":271,"column":23}},"loc":{"start":{"line":272,"column":14},"end":{"line":281,"column":17}},"line":272},"18":{"name":"(anonymous_18)","decl":{"start":{"line":279,"column":28},"end":{"line":279,"column":29}},"loc":{"start":{"line":279,"column":35},"end":{"line":279,"column":265}},"line":279},"19":{"name":"(anonymous_19)","decl":{"start":{"line":279,"column":159},"end":{"line":279,"column":160}},"loc":{"start":{"line":279,"column":167},"end":{"line":279,"column":191}},"line":279},"20":{"name":"(anonymous_20)","decl":{"start":{"line":287,"column":23},"end":{"line":287,"column":24}},"loc":{"start":{"line":288,"column":14},"end":{"line":297,"column":17}},"line":288},"21":{"name":"(anonymous_21)","decl":{"start":{"line":295,"column":28},"end":{"line":295,"column":29}},"loc":{"start":{"line":295,"column":35},"end":{"line":295,"column":269}},"line":295},"22":{"name":"(anonymous_22)","decl":{"start":{"line":295,"column":162},"end":{"line":295,"column":163}},"loc":{"start":{"line":295,"column":170},"end":{"line":295,"column":194}},"line":295},"23":{"name":"(anonymous_23)","decl":{"start":{"line":303,"column":27},"end":{"line":303,"column":28}},"loc":{"start":{"line":303,"column":40},"end":{"line":314,"column":13}},"line":303},"24":{"name":"(anonymous_24)","decl":{"start":{"line":311,"column":28},"end":{"line":311,"column":29}},"loc":{"start":{"line":311,"column":35},"end":{"line":311,"column":292}},"line":311},"25":{"name":"(anonymous_25)","decl":{"start":{"line":311,"column":173},"end":{"line":311,"column":174}},"loc":{"start":{"line":311,"column":186},"end":{"line":311,"column":214}},"line":311},"26":{"name":"(anonymous_26)","decl":{"start":{"line":319,"column":26},"end":{"line":319,"column":27}},"loc":{"start":{"line":319,"column":38},"end":{"line":330,"column":13}},"line":319},"27":{"name":"(anonymous_27)","decl":{"start":{"line":327,"column":28},"end":{"line":327,"column":29}},"loc":{"start":{"line":327,"column":35},"end":{"line":327,"column":289}},"line":327},"28":{"name":"(anonymous_28)","decl":{"start":{"line":327,"column":171},"end":{"line":327,"column":172}},"loc":{"start":{"line":327,"column":183},"end":{"line":327,"column":211}},"line":327},"29":{"name":"(anonymous_29)","decl":{"start":{"line":337,"column":19},"end":{"line":337,"column":20}},"loc":{"start":{"line":337,"column":26},"end":{"line":337,"column":44}},"line":337}},"branchMap":{"0":{"loc":{"start":{"line":279,"column":90},"end":{"line":279,"column":237}},"type":"cond-expr","locations":[{"start":{"line":279,"column":135},"end":{"line":279,"column":192}},{"start":{"line":279,"column":195},"end":{"line":279,"column":237}}],"line":279},"1":{"loc":{"start":{"line":295,"column":91},"end":{"line":295,"column":241}},"type":"cond-expr","locations":[{"start":{"line":295,"column":137},"end":{"line":295,"column":195}},{"start":{"line":295,"column":198},"end":{"line":295,"column":241}}],"line":295},"2":{"loc":{"start":{"line":311,"column":95},"end":{"line":311,"column":264}},"type":"cond-expr","locations":[{"start":{"line":311,"column":144},"end":{"line":311,"column":215}},{"start":{"line":311,"column":218},"end":{"line":311,"column":264}}],"line":311},"3":{"loc":{"start":{"line":327,"column":94},"end":{"line":327,"column":261}},"type":"cond-expr","locations":[{"start":{"line":327,"column":143},"end":{"line":327,"column":212}},{"start":{"line":327,"column":215},"end":{"line":327,"column":261}}],"line":327}},"s":{"0":19,"1":16,"2":16,"3":0,"4":224,"5":2,"6":0,"7":0,"8":0,"9":0,"10":0,"11":0,"12":0,"13":0,"14":0,"15":0,"16":0,"17":0,"18":0,"19":172,"20":1,"21":1,"22":146,"23":0,"24":0,"25":81,"26":0,"27":0,"28":68,"29":0,"30":0,"31":1},"f":{"0":19,"1":0,"2":224,"3":2,"4":0,"5":0,"6":0,"7":0,"8":0,"9":0,"10":0,"11":0,"12":0,"13":0,"14":0,"15":0,"16":0,"17":172,"18":1,"19":1,"20":146,"21":0,"22":0,"23":81,"24":0,"25":0,"26":68,"27":0,"28":0,"29":1},"b":{"0":[1,0],"1":[0,0],"2":[0,0],"3":[0,0]},"_coverageSchema":"1a1c01bbd47fc00a2c39e90264f33305004495a9","hash":"2c37e66dff00f7ab0eb01219b559e6153c276dad"}
,"/home/pea/Documents/random-noise-generator/src/types/node.tsx": {"path":"/home/pea/Documents/random-noise-generator/src/types/node.tsx","statementMap":{},"fnMap":{},"branchMap":{},"s":{},"f":{},"b":{}}
}
