TN:
SF:src/components/Node.tsx
FN:15,Node
FN:55,(anonymous_1)
FN:62,(anonymous_2)
FN:74,(anonymous_3)
FN:87,(anonymous_4)
FN:100,(anonymous_5)
FN:117,(anonymous_6)
FN:131,(anonymous_7)
FN:142,(anonymous_8)
FN:156,(anonymous_9)
FN:170,(anonymous_10)
FN:184,(anonymous_11)
FN:198,(anonymous_12)
FN:212,(anonymous_13)
FN:224,(anonymous_14)
FN:236,(anonymous_15)
FN:248,(anonymous_16)
FN:271,(anonymous_17)
FN:279,(anonymous_18)
FN:279,(anonymous_19)
FN:287,(anonymous_20)
FN:295,(anonymous_21)
FN:295,(anonymous_22)
FN:303,(anonymous_23)
FN:311,(anonymous_24)
FN:311,(anonymous_25)
FN:319,(anonymous_26)
FN:327,(anonymous_27)
FN:327,(anonymous_28)
FN:337,(anonymous_29)
FNF:30
FNH:10
FNDA:19,Node
FNDA:0,(anonymous_1)
FNDA:224,(anonymous_2)
FNDA:2,(anonymous_3)
FNDA:0,(anonymous_4)
FNDA:0,(anonymous_5)
FNDA:0,(anonymous_6)
FNDA:0,(anonymous_7)
FNDA:0,(anonymous_8)
FNDA:0,(anonymous_9)
FNDA:0,(anonymous_10)
FNDA:0,(anonymous_11)
FNDA:0,(anonymous_12)
FNDA:0,(anonymous_13)
FNDA:0,(anonymous_14)
FNDA:0,(anonymous_15)
FNDA:0,(anonymous_16)
FNDA:172,(anonymous_17)
FNDA:1,(anonymous_18)
FNDA:1,(anonymous_19)
FNDA:146,(anonymous_20)
FNDA:0,(anonymous_21)
FNDA:0,(anonymous_22)
FNDA:81,(anonymous_23)
FNDA:0,(anonymous_24)
FNDA:0,(anonymous_25)
FNDA:68,(anonymous_26)
FNDA:0,(anonymous_27)
FNDA:0,(anonymous_28)
FNDA:1,(anonymous_29)
DA:27,19
DA:29,16
DA:46,16
DA:55,0
DA:62,224
DA:74,2
DA:87,0
DA:100,0
DA:117,0
DA:131,0
DA:142,0
DA:156,0
DA:170,0
DA:184,0
DA:198,0
DA:212,0
DA:224,0
DA:236,0
DA:248,0
DA:272,172
DA:279,1
DA:288,146
DA:295,0
DA:304,81
DA:311,0
DA:320,68
DA:327,0
DA:337,1
LF:28
LH:11
BRDA:279,0,0,1
BRDA:279,0,1,0
BRDA:295,1,0,0
BRDA:295,1,1,0
BRDA:311,2,0,0
BRDA:311,2,1,0
BRDA:327,3,0,0
BRDA:327,3,1,0
BRF:8
BRH:1
end_of_record
TN:
SF:src/types/node.tsx
FNF:0
FNH:0
LF:0
LH:0
BRF:0
BRH:0
end_of_record
